<?xml version='1.0' encoding='UTF-8'?>
<testsuite hostname="Reislaptop" name="example.ListsSuite" tests="12" errors="0" failures="0" time="0.068">
                     <properties>
[...]
</properties>
                     <testcase classname="example.ListsSuite" name="one plus one is two" time="0.04">
                                                 
                                               </testcase><testcase classname="example.ListsSuite" name="one plus one plus one is three?" time="0.004">
                                                 
                                               </testcase><testcase classname="example.ListsSuite" name="details why one plus one is not three" time="0.012">
                                                 
                                               </testcase><testcase classname="example.ListsSuite" name="intNotZero throws an exception if its argument is 0" time="0.0">
                                                 
                                               </testcase><testcase classname="example.ListsSuite" name="sum of a few numbers" time="0.004">
                                                 
                                               </testcase><testcase classname="example.ListsSuite" name="sum of zero numbers" time="0.0">
                                                 
                                               </testcase><testcase classname="example.ListsSuite" name="sum of one number" time="0.0">
                                                 
                                               </testcase><testcase classname="example.ListsSuite" name="sum of mixed positive and negative numbers" time="0.0">
                                                 
                                               </testcase><testcase classname="example.ListsSuite" name="max of a few numbers" time="0.004">
                                                 
                                               </testcase><testcase classname="example.ListsSuite" name="max of one number" time="0.0">
                                                 
                                               </testcase><testcase classname="example.ListsSuite" name="max of zero numbers" time="0.0">
                                                 
                                               </testcase><testcase classname="example.ListsSuite" name="max of mixed positive and negative numbers" time="0.004">
                                                 
                                               </testcase>
                     <system-out></system-out>
                     <system-err></system-err>
                   </testsuite>